2021-10-06 16:05:33.905  INFO 40058 --- [main] c.h.a.c.CustomScannersServiceApplication : Starting CustomScannersServiceApplication on Fatah-PC with PID 40058 (/home/fatah/.vscode/extensions/hcltechnologies.hclappscancodesweep-1.1.4/lib/custom-scanners-service-1.0.11.jar started by fatah in /home/fatah/laravel8/proj/schoolManagement)
2021-10-06 16:05:33.918  INFO 40058 --- [main] c.h.a.c.CustomScannersServiceApplication : No active profile set, falling back to default profiles: default
2021-10-06 16:05:40.637  INFO 40058 --- [main] o.s.b.w.embedded.tomcat.TomcatWebServer  : Tomcat initialized with port(s): 9221 (http)
2021-10-06 16:05:40.722  INFO 40058 --- [main] o.apache.catalina.core.StandardService   : Starting service [Tomcat]
2021-10-06 16:05:40.723  INFO 40058 --- [main] org.apache.catalina.core.StandardEngine  : Starting Servlet engine: [Apache Tomcat/9.0.29]
2021-10-06 16:05:41.096  INFO 40058 --- [main] o.a.c.c.C.[Tomcat].[localhost].[/]       : Initializing Spring embedded WebApplicationContext
2021-10-06 16:05:41.097 DEBUG 40058 --- [main] o.s.web.context.ContextLoader            : Published root WebApplicationContext as ServletContext attribute with name [org.springframework.web.context.WebApplicationContext.ROOT]
2021-10-06 16:05:41.098  INFO 40058 --- [main] o.s.web.context.ContextLoader            : Root WebApplicationContext: initialization completed in 6890 ms
2021-10-06 16:05:42.500 DEBUG 40058 --- [main] o.s.b.w.s.ServletContextInitializerBeans : Mapping filters: filterRegistrationBean urls=[/*] order=-2147483647, characterEncodingFilter urls=[/*] order=-2147483648, formContentFilter urls=[/*] order=-9900, requestContextFilter urls=[/*] order=-105
2021-10-06 16:05:42.502 DEBUG 40058 --- [main] o.s.b.w.s.ServletContextInitializerBeans : Mapping servlets: dispatcherServlet urls=[/]
2021-10-06 16:05:49.692 DEBUG 40058 --- [main] s.w.s.m.m.a.RequestMappingHandlerMapping : 19 mappings in 'requestMappingHandlerMapping'
2021-10-06 16:05:49.908  INFO 40058 --- [main] o.s.b.a.e.web.EndpointLinksResolver      : Exposing 2 endpoint(s) beneath base path '/actuator'
2021-10-06 16:05:50.174  INFO 40058 --- [main] pertySourcedRequestMappingHandlerMapping : Mapped URL path [/v2/api-docs] onto method [springfox.documentation.swagger2.web.Swagger2Controller#getDocumentation(String, HttpServletRequest)]
2021-10-06 16:05:50.370  INFO 40058 --- [main] o.s.s.concurrent.ThreadPoolTaskExecutor  : Initializing ExecutorService 'applicationTaskExecutor'
2021-10-06 16:05:50.419 DEBUG 40058 --- [main] s.w.s.m.m.a.RequestMappingHandlerAdapter : ControllerAdvice beans: 0 @ModelAttribute, 0 @InitBinder, 1 RequestBodyAdvice, 1 ResponseBodyAdvice
2021-10-06 16:05:50.764 DEBUG 40058 --- [main] o.s.w.s.handler.SimpleUrlHandlerMapping  : Patterns [/webjars/**, /**] in 'resourceHandlerMapping'
2021-10-06 16:05:50.797 DEBUG 40058 --- [main] .m.m.a.ExceptionHandlerExceptionResolver : ControllerAdvice beans: 1 @ExceptionHandler, 1 ResponseBodyAdvice
2021-10-06 16:05:50.969  INFO 40058 --- [main] d.s.w.p.DocumentationPluginsBootstrapper : Context refreshed
2021-10-06 16:05:51.186  INFO 40058 --- [main] d.s.w.p.DocumentationPluginsBootstrapper : Found 1 custom documentation plugin(s)
2021-10-06 16:05:51.336  INFO 40058 --- [main] s.d.s.w.s.ApiListingReferenceScanner     : Scanning for api listing references
2021-10-06 16:05:53.249  INFO 40058 --- [main] o.s.b.w.embedded.tomcat.TomcatWebServer  : Tomcat started on port(s): 9221 (http) with context path ''
2021-10-06 16:05:53.285  INFO 40058 --- [main] c.h.a.c.CustomScannersServiceApplication : Started CustomScannersServiceApplication in 24.132 seconds (JVM running for 29.741)
2021-10-06 16:05:53.890  INFO 40058 --- [http-nio-9221-exec-1] o.a.c.c.C.[Tomcat].[localhost].[/]       : Initializing Spring DispatcherServlet 'dispatcherServlet'
2021-10-06 16:05:53.892  INFO 40058 --- [http-nio-9221-exec-1] o.s.web.servlet.DispatcherServlet        : Initializing Servlet 'dispatcherServlet'
2021-10-06 16:05:53.894 DEBUG 40058 --- [http-nio-9221-exec-1] o.s.web.servlet.DispatcherServlet        : Detected StandardServletMultipartResolver
2021-10-06 16:05:53.925 DEBUG 40058 --- [http-nio-9221-exec-1] o.s.web.servlet.DispatcherServlet        : enableLoggingRequestDetails='false': request parameters and headers will be masked to prevent unsafe logging of potentially sensitive data
2021-10-06 16:05:53.926  INFO 40058 --- [http-nio-9221-exec-1] o.s.web.servlet.DispatcherServlet        : Completed initialization in 33 ms
2021-10-06 16:05:53.971 DEBUG 40058 --- [http-nio-9221-exec-1] o.s.web.servlet.DispatcherServlet        : GET "/v1/scanRules", parameters={}
2021-10-06 16:05:54.000 DEBUG 40058 --- [http-nio-9221-exec-1] s.w.s.m.m.a.RequestMappingHandlerMapping : Mapped to com.hcl.appscan.customscannersservice.controller.CustomScannersController#getScanRules(String[])
2021-10-06 16:05:54.130 DEBUG 40058 --- [http-nio-9221-exec-1] o.s.w.s.m.m.a.HttpEntityMethodProcessor  : Using 'application/json', given [application/json] and supported [application/json]
2021-10-06 16:05:54.172 DEBUG 40058 --- [http-nio-9221-exec-1] o.s.w.s.m.m.a.HttpEntityMethodProcessor  : Writing [{Golang={com.ouncelabs.languagelite.golang.rules.CommMisconfig=CustomScannersServiceScanRule{ruleNam (truncated)...]
2021-10-06 16:05:54.302 DEBUG 40058 --- [http-nio-9221-exec-1] o.s.web.servlet.DispatcherServlet        : Completed 200 OK
2021-10-06 16:12:52.349 DEBUG 40058 --- [http-nio-9221-exec-3] o.s.web.servlet.DispatcherServlet        : POST "/v1/scanFile", parameters={masked}
2021-10-06 16:12:52.359 DEBUG 40058 --- [http-nio-9221-exec-3] s.w.s.m.m.a.RequestMappingHandlerMapping : Mapped to com.hcl.appscan.customscannersservice.controller.CustomScannersController#runScanFile(MultipartFile, String, int[])
2021-10-06 16:12:52.385 DEBUG 40058 --- [http-nio-9221-exec-3] .m.m.a.ExceptionHandlerExceptionResolver : Using @ExceptionHandler com.hcl.appscan.customscannersservice.controller.CustomScannersControllerAdvice#handleInvalidArgument(IllegalArgumentException)
2021-10-06 16:12:52.397 DEBUG 40058 --- [http-nio-9221-exec-3] o.s.w.s.m.m.a.HttpEntityMethodProcessor  : Using 'application/json', given [application/json] and supported [application/json, application/*+json, application/json, application/*+json]
2021-10-06 16:12:52.399 DEBUG 40058 --- [http-nio-9221-exec-3] o.s.w.s.m.m.a.HttpEntityMethodProcessor  : Writing [com.hcl.appscan.customscannersservice.controller.CustomScannersControllerAdvice$ErrorMessage@5752afb (truncated)...]
2021-10-06 16:12:52.404 DEBUG 40058 --- [http-nio-9221-exec-3] .m.m.a.ExceptionHandlerExceptionResolver : Resolved [java.lang.IllegalArgumentException: L'extension de fichier suivante n'est pas prise en charge : env]
2021-10-06 16:12:52.405 DEBUG 40058 --- [http-nio-9221-exec-3] o.s.web.servlet.DispatcherServlet        : Completed 422 UNPROCESSABLE_ENTITY
2021-10-06 16:13:35.599 DEBUG 40058 --- [http-nio-9221-exec-2] o.s.web.servlet.DispatcherServlet        : POST "/v1/scanFile", parameters={masked}
2021-10-06 16:13:35.601 DEBUG 40058 --- [http-nio-9221-exec-2] s.w.s.m.m.a.RequestMappingHandlerMapping : Mapped to com.hcl.appscan.customscannersservice.controller.CustomScannersController#runScanFile(MultipartFile, String, int[])
2021-10-06 16:13:35.604 DEBUG 40058 --- [http-nio-9221-exec-2] .m.m.a.ExceptionHandlerExceptionResolver : Using @ExceptionHandler com.hcl.appscan.customscannersservice.controller.CustomScannersControllerAdvice#handleInvalidArgument(IllegalArgumentException)
2021-10-06 16:13:35.605 DEBUG 40058 --- [http-nio-9221-exec-2] o.s.w.s.m.m.a.HttpEntityMethodProcessor  : Using 'application/json', given [application/json] and supported [application/json, application/*+json, application/json, application/*+json]
2021-10-06 16:13:35.607 DEBUG 40058 --- [http-nio-9221-exec-2] o.s.w.s.m.m.a.HttpEntityMethodProcessor  : Writing [com.hcl.appscan.customscannersservice.controller.CustomScannersControllerAdvice$ErrorMessage@79b57c8 (truncated)...]
2021-10-06 16:13:35.611 DEBUG 40058 --- [http-nio-9221-exec-2] .m.m.a.ExceptionHandlerExceptionResolver : Resolved [java.lang.IllegalArgumentException: L'extension de fichier suivante n'est pas prise en charge : env]
2021-10-06 16:13:35.611 DEBUG 40058 --- [http-nio-9221-exec-2] o.s.web.servlet.DispatcherServlet        : Completed 422 UNPROCESSABLE_ENTITY
2021-10-06 16:23:47.548 DEBUG 40058 --- [http-nio-9221-exec-4] o.s.web.servlet.DispatcherServlet        : POST "/v1/scanFile", parameters={masked}
2021-10-06 16:23:47.551 DEBUG 40058 --- [http-nio-9221-exec-4] s.w.s.m.m.a.RequestMappingHandlerMapping : Mapped to com.hcl.appscan.customscannersservice.controller.CustomScannersController#runScanFile(MultipartFile, String, int[])
2021-10-06 16:23:47.700 DEBUG 40058 --- [http-nio-9221-exec-4] o.s.w.s.m.m.a.HttpEntityMethodProcessor  : Using 'application/json', given [application/json] and supported [application/json]
2021-10-06 16:23:47.711 DEBUG 40058 --- [http-nio-9221-exec-4] o.s.w.s.m.m.a.HttpEntityMethodProcessor  : Writing [CustomScannerServiceResult{findings=[], articles={}}]
2021-10-06 16:23:47.716 DEBUG 40058 --- [http-nio-9221-exec-4] o.s.web.servlet.DispatcherServlet        : Completed 200 OK
2021-10-06 16:29:06.244 DEBUG 40058 --- [http-nio-9221-exec-5] o.s.web.servlet.DispatcherServlet        : POST "/v1/scanFile", parameters={masked}
2021-10-06 16:29:06.250 DEBUG 40058 --- [http-nio-9221-exec-5] s.w.s.m.m.a.RequestMappingHandlerMapping : Mapped to com.hcl.appscan.customscannersservice.controller.CustomScannersController#runScanFile(MultipartFile, String, int[])
2021-10-06 16:29:06.256 DEBUG 40058 --- [http-nio-9221-exec-5] .m.m.a.ExceptionHandlerExceptionResolver : Using @ExceptionHandler com.hcl.appscan.customscannersservice.controller.CustomScannersControllerAdvice#handleInvalidArgument(IllegalArgumentException)
2021-10-06 16:29:06.257 DEBUG 40058 --- [http-nio-9221-exec-5] o.s.w.s.m.m.a.HttpEntityMethodProcessor  : Using 'application/json', given [application/json] and supported [application/json, application/*+json, application/json, application/*+json]
2021-10-06 16:29:06.261 DEBUG 40058 --- [http-nio-9221-exec-5] o.s.w.s.m.m.a.HttpEntityMethodProcessor  : Writing [com.hcl.appscan.customscannersservice.controller.CustomScannersControllerAdvice$ErrorMessage@3a64f74 (truncated)...]
2021-10-06 16:29:06.275 DEBUG 40058 --- [http-nio-9221-exec-5] .m.m.a.ExceptionHandlerExceptionResolver : Resolved [java.lang.IllegalArgumentException: L'extension de fichier suivante n'est pas prise en charge : env]
2021-10-06 16:29:06.278 DEBUG 40058 --- [http-nio-9221-exec-5] o.s.web.servlet.DispatcherServlet        : Completed 422 UNPROCESSABLE_ENTITY
2021-10-06 16:31:39.226 DEBUG 40058 --- [http-nio-9221-exec-6] o.s.web.servlet.DispatcherServlet        : POST "/v1/scanFile", parameters={masked}
2021-10-06 16:31:39.248 DEBUG 40058 --- [http-nio-9221-exec-6] s.w.s.m.m.a.RequestMappingHandlerMapping : Mapped to com.hcl.appscan.customscannersservice.controller.CustomScannersController#runScanFile(MultipartFile, String, int[])
2021-10-06 16:31:39.250 DEBUG 40058 --- [http-nio-9221-exec-6] .m.m.a.ExceptionHandlerExceptionResolver : Using @ExceptionHandler com.hcl.appscan.customscannersservice.controller.CustomScannersControllerAdvice#handleInvalidArgument(IllegalArgumentException)
2021-10-06 16:31:39.251 DEBUG 40058 --- [http-nio-9221-exec-6] o.s.w.s.m.m.a.HttpEntityMethodProcessor  : Using 'application/json', given [application/json] and supported [application/json, application/*+json, application/json, application/*+json]
2021-10-06 16:31:39.252 DEBUG 40058 --- [http-nio-9221-exec-6] o.s.w.s.m.m.a.HttpEntityMethodProcessor  : Writing [com.hcl.appscan.customscannersservice.controller.CustomScannersControllerAdvice$ErrorMessage@707f266 (truncated)...]
2021-10-06 16:31:39.254 DEBUG 40058 --- [http-nio-9221-exec-6] .m.m.a.ExceptionHandlerExceptionResolver : Resolved [java.lang.IllegalArgumentException: L'extension de fichier suivante n'est pas prise en charge : env]
2021-10-06 16:31:39.255 DEBUG 40058 --- [http-nio-9221-exec-6] o.s.web.servlet.DispatcherServlet        : Completed 422 UNPROCESSABLE_ENTITY
2021-10-06 16:32:04.687 DEBUG 40058 --- [http-nio-9221-exec-7] o.s.web.servlet.DispatcherServlet        : POST "/v1/scanFile", parameters={masked}
2021-10-06 16:32:04.689 DEBUG 40058 --- [http-nio-9221-exec-7] s.w.s.m.m.a.RequestMappingHandlerMapping : Mapped to com.hcl.appscan.customscannersservice.controller.CustomScannersController#runScanFile(MultipartFile, String, int[])
2021-10-06 16:32:04.692 DEBUG 40058 --- [http-nio-9221-exec-7] .m.m.a.ExceptionHandlerExceptionResolver : Using @ExceptionHandler com.hcl.appscan.customscannersservice.controller.CustomScannersControllerAdvice#handleInvalidArgument(IllegalArgumentException)
2021-10-06 16:32:04.697 DEBUG 40058 --- [http-nio-9221-exec-7] o.s.w.s.m.m.a.HttpEntityMethodProcessor  : Using 'application/json', given [application/json] and supported [application/json, application/*+json, application/json, application/*+json]
2021-10-06 16:32:04.699 DEBUG 40058 --- [http-nio-9221-exec-7] o.s.w.s.m.m.a.HttpEntityMethodProcessor  : Writing [com.hcl.appscan.customscannersservice.controller.CustomScannersControllerAdvice$ErrorMessage@2d99a2e (truncated)...]
2021-10-06 16:32:04.701 DEBUG 40058 --- [http-nio-9221-exec-7] .m.m.a.ExceptionHandlerExceptionResolver : Resolved [java.lang.IllegalArgumentException: L'extension de fichier suivante n'est pas prise en charge : env]
2021-10-06 16:32:04.704 DEBUG 40058 --- [http-nio-9221-exec-7] o.s.web.servlet.DispatcherServlet        : Completed 422 UNPROCESSABLE_ENTITY
2021-10-06 16:32:16.750 DEBUG 40058 --- [http-nio-9221-exec-8] o.s.web.servlet.DispatcherServlet        : POST "/v1/scanFile", parameters={masked}
2021-10-06 16:32:16.752 DEBUG 40058 --- [http-nio-9221-exec-8] s.w.s.m.m.a.RequestMappingHandlerMapping : Mapped to com.hcl.appscan.customscannersservice.controller.CustomScannersController#runScanFile(MultipartFile, String, int[])
2021-10-06 16:32:16.760 DEBUG 40058 --- [http-nio-9221-exec-8] .m.m.a.ExceptionHandlerExceptionResolver : Using @ExceptionHandler com.hcl.appscan.customscannersservice.controller.CustomScannersControllerAdvice#handleInvalidArgument(IllegalArgumentException)
2021-10-06 16:32:16.762 DEBUG 40058 --- [http-nio-9221-exec-8] o.s.w.s.m.m.a.HttpEntityMethodProcessor  : Using 'application/json', given [application/json] and supported [application/json, application/*+json, application/json, application/*+json]
2021-10-06 16:32:16.763 DEBUG 40058 --- [http-nio-9221-exec-8] o.s.w.s.m.m.a.HttpEntityMethodProcessor  : Writing [com.hcl.appscan.customscannersservice.controller.CustomScannersControllerAdvice$ErrorMessage@6a023b8 (truncated)...]
2021-10-06 16:32:16.770 DEBUG 40058 --- [http-nio-9221-exec-8] .m.m.a.ExceptionHandlerExceptionResolver : Resolved [java.lang.IllegalArgumentException: L'extension de fichier suivante n'est pas prise en charge : env]
2021-10-06 16:32:16.770 DEBUG 40058 --- [http-nio-9221-exec-8] o.s.web.servlet.DispatcherServlet        : Completed 422 UNPROCESSABLE_ENTITY
